<?xml version="1.0" encoding="UTF-8"?>
<!-- Generated by org.testng.reporters.JUnitXMLReporter -->
<testsuite hostname="Saer-Ubutu32" name="Surefire test" tests="4" failures="0" timestamp="18 Oct 2016 18:00:02 GMT" time="0.143" errors="0">
  <testcase name="testSubtractNumbers on testSubtractNumbers(test4.CalculatorTest)" time="0.011" classname="test4.CalculatorTest"/>
  <testcase name="testdivideNumber on testdivideNumber(test4.CalculatorTest)" time="0.001" classname="test4.CalculatorTest"/>
  <testcase name="testAddNumbers on testAddNumbers(test4.CalculatorTest)" time="0.0" classname="test4.CalculatorTest"/>
  <testcase name="testMultiplyNumbers on testMultiplyNumbers(test4.CalculatorTest)" time="0.002" classname="test4.CalculatorTest"/>
</testsuite> <!-- Surefire test -->
