<?xml version="1.0" encoding="UTF-8"?>
<testng-results skipped="0" failed="0" total="4" passed="4">
  <reporter-output>
  </reporter-output>
  <suite name="Surefire suite" duration-ms="143" started-at="2016-10-18T18:00:02Z" finished-at="2016-10-18T18:00:02Z">
    <groups>
    </groups>
    <test name="Surefire test" duration-ms="143" started-at="2016-10-18T18:00:02Z" finished-at="2016-10-18T18:00:02Z">
      <class name="test4.CalculatorTest">
        <test-method status="PASS" signature="testSubtractNumbers()[pri:0, instance:testSubtractNumbers(test4.CalculatorTest)]" name="testSubtractNumbers" duration-ms="11" started-at="2016-10-18T20:00:02Z" finished-at="2016-10-18T20:00:02Z">
          <reporter-output>
          </reporter-output>
        </test-method> <!-- testSubtractNumbers -->
        <test-method status="PASS" signature="testdivideNumber()[pri:0, instance:testdivideNumber(test4.CalculatorTest)]" name="testdivideNumber" duration-ms="1" started-at="2016-10-18T20:00:02Z" finished-at="2016-10-18T20:00:02Z">
          <reporter-output>
          </reporter-output>
        </test-method> <!-- testdivideNumber -->
        <test-method status="PASS" signature="testMultiplyNumbers()[pri:0, instance:testMultiplyNumbers(test4.CalculatorTest)]" name="testMultiplyNumbers" duration-ms="2" started-at="2016-10-18T20:00:02Z" finished-at="2016-10-18T20:00:02Z">
          <reporter-output>
          </reporter-output>
        </test-method> <!-- testMultiplyNumbers -->
        <test-method status="PASS" signature="testAddNumbers()[pri:0, instance:testAddNumbers(test4.CalculatorTest)]" name="testAddNumbers" duration-ms="0" started-at="2016-10-18T20:00:02Z" finished-at="2016-10-18T20:00:02Z">
          <reporter-output>
          </reporter-output>
        </test-method> <!-- testAddNumbers -->
      </class> <!-- test4.CalculatorTest -->
    </test> <!-- Surefire test -->
  </suite> <!-- Surefire suite -->
</testng-results>
